2022-06-03 22:53:37.986  INFO 35320 --- [main] c.u.j.c.c.CloudStorageApplicationTests   : Starting CloudStorageApplicationTests on DESKTOP-MU3N0UH with PID 35320 (started by Larbi in D:\Projects\nd035-c1-spring-boot-basics-project-starter\starter\cloudstorage)
2022-06-03 22:53:37.994  INFO 35320 --- [main] c.u.j.c.c.CloudStorageApplicationTests   : No active profile set, falling back to default profiles: default
2022-06-03 22:53:40.609  INFO 35320 --- [main] o.apache.catalina.core.StandardService   : Starting service [Tomcat]
2022-06-03 22:53:40.610  INFO 35320 --- [main] org.apache.catalina.core.StandardEngine  : Starting Servlet engine: [Apache Tomcat/9.0.30]
2022-06-03 22:53:40.765  INFO 35320 --- [main] o.a.c.c.C.[Tomcat].[localhost].[/]       : Initializing Spring embedded WebApplicationContext
2022-06-03 22:53:40.875  INFO 35320 --- [main] com.zaxxer.hikari.HikariDataSource       : HikariPool-1 - Starting...
2022-06-03 22:53:41.219  INFO 35320 --- [main] com.zaxxer.hikari.HikariDataSource       : HikariPool-1 - Start completed.
2022-06-03 22:53:43.348  INFO 35320 --- [main] c.u.j.c.c.CloudStorageApplicationTests   : Started CloudStorageApplicationTests in 6.021 seconds (JVM running for 10.159)
2022-06-03 22:53:46.494  INFO 35320 --- [Forwarding newSession on session null to remote] o.o.selenium.remote.ProtocolHandshake    : Detected dialect: W3C
2022-06-03 22:53:46.660  INFO 35320 --- [http-nio-auto-1-exec-1] o.a.c.c.C.[Tomcat].[localhost].[/]       : Initializing Spring DispatcherServlet 'dispatcherServlet'
2022-06-03 22:53:51.166  INFO 35320 --- [Forwarding newSession on session null to remote] o.o.selenium.remote.ProtocolHandshake    : Detected dialect: W3C
2022-06-03 22:53:53.669  INFO 35320 --- [Forwarding newSession on session null to remote] o.o.selenium.remote.ProtocolHandshake    : Detected dialect: W3C
2022-06-03 22:53:57.809  INFO 35320 --- [Forwarding newSession on session null to remote] o.o.selenium.remote.ProtocolHandshake    : Detected dialect: W3C
2022-06-03 22:54:00.588  INFO 35320 --- [SpringContextShutdownHook] com.zaxxer.hikari.HikariDataSource       : HikariPool-1 - Shutdown initiated...
2022-06-03 22:54:00.598  INFO 35320 --- [SpringContextShutdownHook] com.zaxxer.hikari.HikariDataSource       : HikariPool-1 - Shutdown completed.
2022-06-03 22:59:38.436  INFO 61256 --- [restartedMain] c.u.j.c.c.CloudStorageApplication        : Starting CloudStorageApplication on DESKTOP-MU3N0UH with PID 61256 (D:\Projects\nd035-c1-spring-boot-basics-project-starter\starter\cloudstorage\target\classes started by Larbi in D:\Projects\nd035-c1-spring-boot-basics-project-starter\starter\cloudstorage)
2022-06-03 22:59:38.439  INFO 61256 --- [restartedMain] c.u.j.c.c.CloudStorageApplication        : No active profile set, falling back to default profiles: default
2022-06-03 22:59:40.315  INFO 61256 --- [restartedMain] o.apache.catalina.core.StandardService   : Starting service [Tomcat]
2022-06-03 22:59:40.315  INFO 61256 --- [restartedMain] org.apache.catalina.core.StandardEngine  : Starting Servlet engine: [Apache Tomcat/9.0.30]
2022-06-03 22:59:40.414  INFO 61256 --- [restartedMain] o.a.c.c.C.[Tomcat].[localhost].[/]       : Initializing Spring embedded WebApplicationContext
2022-06-03 22:59:40.475  INFO 61256 --- [restartedMain] com.zaxxer.hikari.HikariDataSource       : HikariPool-1 - Starting...
2022-06-03 22:59:40.728  INFO 61256 --- [restartedMain] com.zaxxer.hikari.HikariDataSource       : HikariPool-1 - Start completed.
2022-06-03 22:59:42.037  INFO 61256 --- [restartedMain] c.u.j.c.c.CloudStorageApplication        : Started CloudStorageApplication in 4.07 seconds (JVM running for 4.574)
2022-06-03 23:00:19.138  INFO 61256 --- [http-nio-8080-exec-1] o.a.c.c.C.[Tomcat].[localhost].[/]       : Initializing Spring DispatcherServlet 'dispatcherServlet'
2022-06-03 23:04:07.418  WARN 61256 --- [Thread-4] o.s.b.f.support.DisposableBeanAdapter    : Invocation of destroy method failed on bean with name 'inMemoryDatabaseShutdownExecutor': org.h2.jdbc.JdbcSQLNonTransientConnectionException: La base de données est déjà fermée (pour désactiver la fermeture automatique à l'arrêt de la VM, ajoutez "; DB_CLOSE_ON_EXIT = FALSE" à l'URL db)
Database is already closed (to disable automatic closing at VM shutdown, add ";DB_CLOSE_ON_EXIT=FALSE" to the db URL) [90121-200]
2022-06-03 23:04:07.420  INFO 61256 --- [Thread-4] com.zaxxer.hikari.HikariDataSource       : HikariPool-1 - Shutdown initiated...
2022-06-03 23:04:07.422  INFO 61256 --- [Thread-4] com.zaxxer.hikari.HikariDataSource       : HikariPool-1 - Shutdown completed.
